2022-04-04 14:09:00,990 INFO o.s.t.c.s.AbstractTestContextBootstrapper [main] Neither @ContextConfiguration nor @ContextHierarchy found for test class [com.alterra.springbootrelationship.controller.BrandControllerTest], using SpringBootContextLoader
2022-04-04 14:09:01,006 INFO o.s.t.c.s.AbstractContextLoader [main] Could not detect default resource locations for test class [com.alterra.springbootrelationship.controller.BrandControllerTest]: no resource found for suffixes {-context.xml, Context.groovy}.
2022-04-04 14:09:01,264 INFO o.s.t.c.s.AbstractTestContextBootstrapper [main] Loaded default TestExecutionListener class names from location [META-INF/spring.factories]: [org.springframework.boot.test.mock.mockito.MockitoTestExecutionListener, org.springframework.boot.test.mock.mockito.ResetMocksTestExecutionListener, org.springframework.boot.test.autoconfigure.restdocs.RestDocsTestExecutionListener, org.springframework.boot.test.autoconfigure.web.client.MockRestServiceServerResetTestExecutionListener, org.springframework.boot.test.autoconfigure.web.servlet.MockMvcPrintOnlyOnFailureTestExecutionListener, org.springframework.boot.test.autoconfigure.web.servlet.WebDriverTestExecutionListener, org.springframework.boot.test.autoconfigure.webservices.client.MockWebServiceServerTestExecutionListener, org.springframework.test.context.web.ServletTestExecutionListener, org.springframework.test.context.support.DirtiesContextBeforeModesTestExecutionListener, org.springframework.test.context.event.ApplicationEventsTestExecutionListener, org.springframework.test.context.support.DependencyInjectionTestExecutionListener, org.springframework.test.context.support.DirtiesContextTestExecutionListener, org.springframework.test.context.transaction.TransactionalTestExecutionListener, org.springframework.test.context.jdbc.SqlScriptsTestExecutionListener, org.springframework.test.context.event.EventPublishingTestExecutionListener]
2022-04-04 14:09:01,297 INFO o.s.t.c.s.AbstractTestContextBootstrapper [main] Using TestExecutionListeners: [org.springframework.test.context.web.ServletTestExecutionListener@76cdafa3, org.springframework.test.context.support.DirtiesContextBeforeModesTestExecutionListener@6b27b2d0, org.springframework.test.context.event.ApplicationEventsTestExecutionListener@4fb64e14, org.springframework.boot.test.mock.mockito.MockitoTestExecutionListener@118041c7, org.springframework.boot.test.autoconfigure.SpringBootDependencyInjectionTestExecutionListener@a2b54e3, org.springframework.test.context.support.DirtiesContextTestExecutionListener@5c4cc644, org.springframework.test.context.transaction.TransactionalTestExecutionListener@21f7e537, org.springframework.test.context.jdbc.SqlScriptsTestExecutionListener@32ea16b7, org.springframework.test.context.event.EventPublishingTestExecutionListener@62b6c045, org.springframework.boot.test.mock.mockito.ResetMocksTestExecutionListener@58f254b1, org.springframework.boot.test.autoconfigure.restdocs.RestDocsTestExecutionListener@46b2dcc5, org.springframework.boot.test.autoconfigure.web.client.MockRestServiceServerResetTestExecutionListener@240f350a, org.springframework.boot.test.autoconfigure.web.servlet.MockMvcPrintOnlyOnFailureTestExecutionListener@706f6d26, org.springframework.boot.test.autoconfigure.web.servlet.WebDriverTestExecutionListener@3af2f846, org.springframework.boot.test.autoconfigure.webservices.client.MockWebServiceServerTestExecutionListener@6af65f29]
2022-04-04 14:09:01,749 INFO o.s.b.StartupInfoLogger [main] Starting BrandControllerTest using Java 17.0.2 on nightmares with PID 14592 (started by flintz in I:\Alterra\SourceCode\piinalpin-springboot-relationship-e14826da3ff3_Unit_Integration_Test\piinalpin-springboot-relationship-e14826da3ff3)
2022-04-04 14:09:01,753 DEBUG o.s.b.StartupInfoLogger [main] Running with Spring Boot v2.6.5, Spring v5.3.17
2022-04-04 14:09:01,753 INFO o.s.b.SpringApplication [main] No active profile set, falling back to 1 default profile: "default"
2022-04-04 14:09:03,291 INFO o.s.m.w.MockServletContext [main] Initializing Spring TestDispatcherServlet ''
2022-04-04 14:09:03,291 INFO o.s.w.s.FrameworkServlet [main] Initializing Servlet ''
2022-04-04 14:09:03,293 INFO o.s.w.s.FrameworkServlet [main] Completed initialization in 2 ms
2022-04-04 14:09:03,361 INFO o.s.b.StartupInfoLogger [main] Started BrandControllerTest in 1.993 seconds (JVM running for 4.219)
2022-04-04 14:09:03,400 INFO o.s.m.w.MockServletContext [main] Initializing Spring TestDispatcherServlet ''
2022-04-04 14:09:03,400 INFO o.s.w.s.FrameworkServlet [main] Initializing Servlet ''
2022-04-04 14:09:03,401 INFO o.s.w.s.FrameworkServlet [main] Completed initialization in 1 ms
2022-04-04 14:09:03,700 INFO o.s.m.w.MockServletContext [main] Initializing Spring TestDispatcherServlet ''
2022-04-04 14:09:03,700 INFO o.s.w.s.FrameworkServlet [main] Initializing Servlet ''
2022-04-04 14:09:03,701 INFO o.s.w.s.FrameworkServlet [main] Completed initialization in 1 ms
2022-04-04 14:09:03,713 ERROR c.a.s.c.BrandController [main] Happened error when request add brand. Error: null
2022-04-04 14:09:03,727 INFO o.s.t.c.s.AbstractTestContextBootstrapper [main] Neither @ContextConfiguration nor @ContextHierarchy found for test class [com.alterra.springbootrelationship.service.BrandServiceTest], using SpringBootContextLoader
2022-04-04 14:09:03,728 INFO o.s.t.c.s.AbstractContextLoader [main] Could not detect default resource locations for test class [com.alterra.springbootrelationship.service.BrandServiceTest]: no resource found for suffixes {-context.xml, Context.groovy}.
2022-04-04 14:09:03,731 INFO o.s.t.c.s.AbstractTestContextBootstrapper [main] Loaded default TestExecutionListener class names from location [META-INF/spring.factories]: [org.springframework.boot.test.mock.mockito.MockitoTestExecutionListener, org.springframework.boot.test.mock.mockito.ResetMocksTestExecutionListener, org.springframework.boot.test.autoconfigure.restdocs.RestDocsTestExecutionListener, org.springframework.boot.test.autoconfigure.web.client.MockRestServiceServerResetTestExecutionListener, org.springframework.boot.test.autoconfigure.web.servlet.MockMvcPrintOnlyOnFailureTestExecutionListener, org.springframework.boot.test.autoconfigure.web.servlet.WebDriverTestExecutionListener, org.springframework.boot.test.autoconfigure.webservices.client.MockWebServiceServerTestExecutionListener, org.springframework.test.context.web.ServletTestExecutionListener, org.springframework.test.context.support.DirtiesContextBeforeModesTestExecutionListener, org.springframework.test.context.event.ApplicationEventsTestExecutionListener, org.springframework.test.context.support.DependencyInjectionTestExecutionListener, org.springframework.test.context.support.DirtiesContextTestExecutionListener, org.springframework.test.context.transaction.TransactionalTestExecutionListener, org.springframework.test.context.jdbc.SqlScriptsTestExecutionListener, org.springframework.test.context.event.EventPublishingTestExecutionListener]
2022-04-04 14:09:03,732 INFO o.s.t.c.s.AbstractTestContextBootstrapper [main] Using TestExecutionListeners: [org.springframework.test.context.web.ServletTestExecutionListener@24e6bd00, org.springframework.test.context.support.DirtiesContextBeforeModesTestExecutionListener@5522f9b, org.springframework.test.context.event.ApplicationEventsTestExecutionListener@70bbc163, org.springframework.boot.test.mock.mockito.MockitoTestExecutionListener@3b26afbc, org.springframework.boot.test.autoconfigure.SpringBootDependencyInjectionTestExecutionListener@2ab91b65, org.springframework.test.context.support.DirtiesContextTestExecutionListener@3e03d75e, org.springframework.test.context.transaction.TransactionalTestExecutionListener@109db924, org.springframework.test.context.jdbc.SqlScriptsTestExecutionListener@1ec8afc4, org.springframework.test.context.event.EventPublishingTestExecutionListener@7cc8fd4b, org.springframework.boot.test.mock.mockito.ResetMocksTestExecutionListener@5c516cab, org.springframework.boot.test.autoconfigure.restdocs.RestDocsTestExecutionListener@21f8aa9c, org.springframework.boot.test.autoconfigure.web.client.MockRestServiceServerResetTestExecutionListener@7a1587e8, org.springframework.boot.test.autoconfigure.web.servlet.MockMvcPrintOnlyOnFailureTestExecutionListener@410c1f44, org.springframework.boot.test.autoconfigure.web.servlet.WebDriverTestExecutionListener@16ef07fa, org.springframework.boot.test.autoconfigure.webservices.client.MockWebServiceServerTestExecutionListener@7227e3f1]
2022-04-04 14:09:03,766 INFO o.s.b.StartupInfoLogger [main] Starting BrandServiceTest using Java 17.0.2 on nightmares with PID 14592 (started by flintz in I:\Alterra\SourceCode\piinalpin-springboot-relationship-e14826da3ff3_Unit_Integration_Test\piinalpin-springboot-relationship-e14826da3ff3)
2022-04-04 14:09:03,767 DEBUG o.s.b.StartupInfoLogger [main] Running with Spring Boot v2.6.5, Spring v5.3.17
2022-04-04 14:09:03,767 INFO o.s.b.SpringApplication [main] No active profile set, falling back to 1 default profile: "default"
2022-04-04 14:09:04,036 INFO o.s.b.StartupInfoLogger [main] Started BrandServiceTest in 0.3 seconds (JVM running for 4.893)
2022-04-04 14:09:04,045 INFO c.a.s.s.BrandService [main] Executing save new brand
2022-04-04 14:09:04,046 ERROR c.a.s.s.BrandService [main] Got an error when saving new brand. Error: null
2022-04-04 14:09:04,055 INFO c.a.s.s.BrandService [main] Executing delete brand
2022-04-04 14:09:04,055 INFO c.a.s.s.BrandService [main] Find brand by id
2022-04-04 14:09:04,056 INFO c.a.s.s.BrandService [main] brand not found
2022-04-04 14:09:04,068 INFO c.a.s.s.BrandService [main] Executing delete brand
2022-04-04 14:09:04,068 INFO c.a.s.s.BrandService [main] Find brand by id
2022-04-04 14:09:04,069 INFO c.a.s.s.BrandService [main] Deleting brand 1
2022-04-04 14:09:04,088 INFO c.a.s.s.BrandService [main] Executing save new brand
2022-04-04 14:09:04,095 INFO c.a.s.s.BrandService [main] Executing delete brand
2022-04-04 14:09:04,095 INFO c.a.s.s.BrandService [main] Find brand by id
2022-04-04 14:09:04,095 INFO c.a.s.s.BrandService [main] Deleting brand 1
2022-04-04 14:09:04,096 ERROR c.a.s.s.BrandService [main] Got an error when deleting brand. Error: null
2022-04-04 14:09:04,101 INFO o.s.t.c.s.AbstractTestContextBootstrapper [main] Neither @ContextConfiguration nor @ContextHierarchy found for test class [com.alterra.springbootrelationship.service.ProductServiceTest], using SpringBootContextLoader
2022-04-04 14:09:04,102 INFO o.s.t.c.s.AbstractContextLoader [main] Could not detect default resource locations for test class [com.alterra.springbootrelationship.service.ProductServiceTest]: no resource found for suffixes {-context.xml, Context.groovy}.
2022-04-04 14:09:04,106 INFO o.s.t.c.s.AbstractTestContextBootstrapper [main] Loaded default TestExecutionListener class names from location [META-INF/spring.factories]: [org.springframework.boot.test.mock.mockito.MockitoTestExecutionListener, org.springframework.boot.test.mock.mockito.ResetMocksTestExecutionListener, org.springframework.boot.test.autoconfigure.restdocs.RestDocsTestExecutionListener, org.springframework.boot.test.autoconfigure.web.client.MockRestServiceServerResetTestExecutionListener, org.springframework.boot.test.autoconfigure.web.servlet.MockMvcPrintOnlyOnFailureTestExecutionListener, org.springframework.boot.test.autoconfigure.web.servlet.WebDriverTestExecutionListener, org.springframework.boot.test.autoconfigure.webservices.client.MockWebServiceServerTestExecutionListener, org.springframework.test.context.web.ServletTestExecutionListener, org.springframework.test.context.support.DirtiesContextBeforeModesTestExecutionListener, org.springframework.test.context.event.ApplicationEventsTestExecutionListener, org.springframework.test.context.support.DependencyInjectionTestExecutionListener, org.springframework.test.context.support.DirtiesContextTestExecutionListener, org.springframework.test.context.transaction.TransactionalTestExecutionListener, org.springframework.test.context.jdbc.SqlScriptsTestExecutionListener, org.springframework.test.context.event.EventPublishingTestExecutionListener]
2022-04-04 14:09:04,107 INFO o.s.t.c.s.AbstractTestContextBootstrapper [main] Using TestExecutionListeners: [org.springframework.test.context.web.ServletTestExecutionListener@1f4dce67, org.springframework.test.context.support.DirtiesContextBeforeModesTestExecutionListener@1f02ce3, org.springframework.test.context.event.ApplicationEventsTestExecutionListener@35f34ccc, org.springframework.boot.test.mock.mockito.MockitoTestExecutionListener@136a2e3b, org.springframework.boot.test.autoconfigure.SpringBootDependencyInjectionTestExecutionListener@62a5e4c7, org.springframework.test.context.support.DirtiesContextTestExecutionListener@62325b44, org.springframework.test.context.transaction.TransactionalTestExecutionListener@4d08fee2, org.springframework.test.context.jdbc.SqlScriptsTestExecutionListener@f511a8e, org.springframework.test.context.event.EventPublishingTestExecutionListener@421f447f, org.springframework.boot.test.mock.mockito.ResetMocksTestExecutionListener@3287cf03, org.springframework.boot.test.autoconfigure.restdocs.RestDocsTestExecutionListener@3872c85f, org.springframework.boot.test.autoconfigure.web.client.MockRestServiceServerResetTestExecutionListener@3f7030b5, org.springframework.boot.test.autoconfigure.web.servlet.MockMvcPrintOnlyOnFailureTestExecutionListener@774b798, org.springframework.boot.test.autoconfigure.web.servlet.WebDriverTestExecutionListener@b079fa2, org.springframework.boot.test.autoconfigure.webservices.client.MockWebServiceServerTestExecutionListener@25198ead]
2022-04-04 14:09:04,136 INFO o.s.b.StartupInfoLogger [main] Starting ProductServiceTest using Java 17.0.2 on nightmares with PID 14592 (started by flintz in I:\Alterra\SourceCode\piinalpin-springboot-relationship-e14826da3ff3_Unit_Integration_Test\piinalpin-springboot-relationship-e14826da3ff3)
2022-04-04 14:09:04,137 DEBUG o.s.b.StartupInfoLogger [main] Running with Spring Boot v2.6.5, Spring v5.3.17
2022-04-04 14:09:04,137 INFO o.s.b.SpringApplication [main] No active profile set, falling back to 1 default profile: "default"
2022-04-04 14:09:04,285 INFO o.s.b.StartupInfoLogger [main] Started ProductServiceTest in 0.176 seconds (JVM running for 5.143)
2022-04-04 14:09:04,297 INFO c.a.s.s.ProductService [main] Executing add new product
2022-04-04 14:09:04,298 ERROR c.a.s.s.ProductService [main] Got an error when saving new product. Error: null
2022-04-04 14:09:04,311 INFO c.a.s.s.ProductService [main] Executing add new product
2022-04-04 14:09:04,317 INFO c.a.s.s.ProductService [main] Executing get all product by category [null]
2022-04-04 14:09:04,323 INFO c.a.s.s.ProductService [main] Executing get all product by category [1]
2022-04-04 14:09:04,327 INFO c.a.s.s.ProductService [main] Executing add new product
2022-04-04 14:09:04,328 INFO c.a.s.s.ProductService [main] Category [1] not found
2022-04-04 14:09:04,332 INFO c.a.s.s.ProductService [main] Executing add new product
2022-04-04 14:09:04,333 INFO c.a.s.s.ProductService [main] Brand [1] not found
